<?xml version="1.0" encoding="UTF-8"?>
<testng-results ignored="0" total="1" passed="1" failed="0" skipped="0">
  <reporter-output>
  </reporter-output>
  <suite started-at="2024-08-23T16:46:37 IST" name="Suite" finished-at="2024-08-23T16:46:44 IST" duration-ms="6596">
    <groups>
    </groups>
    <test started-at="2024-08-23T16:46:37 IST" name="Test" finished-at="2024-08-23T16:46:44 IST" duration-ms="6596">
      <class name="TestAutomation.TestAutomation.AppTest">
        <test-method signature="shouldAnswerWithTrue()[pri:0, instance:TestAutomation.TestAutomation.AppTest@1649b0e6]" started-at="2024-08-23T16:46:38 IST" name="shouldAnswerWithTrue" finished-at="2024-08-23T16:46:44 IST" duration-ms="6495" status="PASS">
          <reporter-output>
          </reporter-output>
        </test-method> <!-- shouldAnswerWithTrue -->
      </class> <!-- TestAutomation.TestAutomation.AppTest -->
    </test> <!-- Test -->
  </suite> <!-- Suite -->
</testng-results>
